{"message":"unauthorized request to path /bookmarks/","level":"error"}
{"message":"unauthorized request to path /bookmarks","level":"error"}
{"message":"URL is required","level":"error"}
{"message":"Card with id 746fb01c-9925-4735-ad10-4eeae6c2353f created.","level":"info"}
{"message":"Card with id 1e59b684-d822-46b3-8fad-dac12bd61f10 created.","level":"info"}
{"message":"Card with id f8d2ff9e-95e1-4edc-ac9a-61205ee6c916 created.","level":"info"}
{"message":"Card with id 75e3003f-20d8-416f-89ee-7ade4ad2b056 created.","level":"info"}
{"message":"Bookmark with that id not found.","level":"error"}
{"message":"Bookmark with that id not found.","level":"error"}
{"message":"Bookmark with that id not found.","level":"error"}
{"message":"Bookmark with that id not found.","level":"error"}
{"message":"Bookmark with that id not found.","level":"error"}
{"message":"Bookmark with that id not found.","level":"error"}
{"message":"Bookmark with that id not found.","level":"error"}
{"message":"Bookmark with that id not found.","level":"error"}
{"message":"Bookmark with that id not found.","level":"error"}
{"message":"Bookmark with that id not found.","level":"error"}
{"message":"Bookmark with that id not found.","level":"error"}
{"message":"Bookmark with that id not found.","level":"error"}
{"message":"Card with id 5ccf5759-5633-4a2a-9472-d86440e9f4da created.","level":"info"}
{"message":"Bookmark with that id not found.","level":"error"}
{"message":"Bookmark with that id not found.","level":"error"}
{"message":"Bookmark with that id not found.","level":"error"}
{"message":"Card with id 7f44d4a8-ec73-43c6-a2a9-c72dd1300cb0 created.","level":"info"}
{"message":"Bookmark with that id not found.","level":"error"}
{"message":"Bookmark with that id not found.","level":"error"}
{"message":"card with id 77 deleted","level":"info"}
{"message":"card with id 77 deleted","level":"info"}
{"message":"card with id 77 deleted","level":"info"}
{"message":"card with id 77 deleted","level":"info"}
{"message":"card with id 77 deleted","level":"info"}
{"message":"card with id 77 deleted","level":"info"}
{"message":"card with id 77 deleted","level":"info"}
{"message":"card with id 77 deleted","level":"info"}
{"message":"card with id 77 deleted","level":"info"}
{"message":"card with id 77 deleted","level":"info"}
{"message":"card with id 77 deleted","level":"info"}
{"message":"card with id 77 deleted","level":"info"}
{"message":"card with id 77 deleted","level":"info"}
{"message":"card with id 77 deleted","level":"info"}
{"message":"Card with id 8687ced6-a09c-403d-aade-58164aaad39a created.","level":"info"}
{"message":"card with id 8687ced6-a09c-403d-aade-58164aaad39a deleted","level":"info"}
{"message":"Bookmark with that id not found.","level":"error"}
{"message":"Card with id 718e2337-8a19-424b-8fea-e282a90736d3 created.","level":"info"}
{"message":"Bookmark with that id not found.","level":"error"}
{"message":"card with id 718e2337-8a19-424b-8fea-e282a90736d3 deleted","level":"info"}
{"message":"Bookmark with that id not found.","level":"error"}
{"message":"Card with id 41059c57-fd6d-40fc-a766-a423185121bb created.","level":"info"}
{"message":"card with id 41059c57-fd6d-40fc-a766-a423185121bb deleted","level":"info"}
{"message":"card with id 77 deleted","level":"info"}
{"message":"Bookmark with that id not found.","level":"error"}
{"message":"card with id 77 deleted","level":"info"}
{"message":"card with id 77 deleted","level":"info"}
{"message":"Bookmark with that id not found.","level":"error"}
